<?xml version="1.0" encoding="UTF-8"?>
<testng-results ignored="12" total="19" passed="5" failed="0" skipped="2">
  <reporter-output>
  </reporter-output>
  <suite started-at="2023-06-23T19:27:06Z" name="Regression Test" finished-at="2023-06-23T19:27:49Z" duration-ms="42579">
    <groups>
    </groups>
    <test started-at="2023-06-23T19:27:06Z" name="Test" finished-at="2023-06-23T19:27:49Z" duration-ms="42579">
      <class name="com.bymatAutomation.modulename.testcases.RegisterUserForTheSeleniumTraining5">
        <test-method is-config="true" signature="isSkip()[pri:0, instance:com.bymatAutomation.modulename.testcases.RegisterUserForTheSeleniumTraining5@5a3bc7ed]" started-at="2023-06-23T19:27:49Z" name="isSkip" finished-at="2023-06-23T19:27:49Z" duration-ms="1" status="SKIP">
          <exception class="org.testng.SkipException">
            <message>
              <![CDATA[Skipping Test case RegisterUserForTheSeleniumTraining5 as it's run mode is set to No]]>
            </message>
            <full-stacktrace>
              <![CDATA[org.testng.SkipException: Skipping Test case RegisterUserForTheSeleniumTraining5 as it's run mode is set to No
at com.bymatAutomation.modulename.testcases.RegisterUserForTheSeleniumTraining5.isSkip(RegisterUserForTheSeleniumTraining5.java:21)
at java.base/jdk.internal.reflect.NativeMethodAccessorImpl.invoke0(Native Method)
at java.base/jdk.internal.reflect.NativeMethodAccessorImpl.invoke(NativeMethodAccessorImpl.java:78)
at java.base/jdk.internal.reflect.DelegatingMethodAccessorImpl.invoke(DelegatingMethodAccessorImpl.java:43)
at java.base/java.lang.reflect.Method.invoke(Method.java:567)
at org.testng.internal.MethodInvocationHelper.invokeMethod(MethodInvocationHelper.java:124)
at org.testng.internal.MethodInvocationHelper.invokeMethodConsideringTimeout(MethodInvocationHelper.java:59)
at org.testng.internal.Invoker.invokeConfigurationMethod(Invoker.java:458)
at org.testng.internal.Invoker.invokeConfigurations(Invoker.java:222)
at org.testng.internal.Invoker.invokeConfigurations(Invoker.java:142)
at org.testng.internal.TestMethodWorker.invokeBeforeClassMethods(TestMethodWorker.java:168)
at org.testng.internal.TestMethodWorker.run(TestMethodWorker.java:105)
at org.testng.TestRunner.privateRun(TestRunner.java:648)
at org.testng.TestRunner.run(TestRunner.java:505)
at org.testng.SuiteRunner.runTest(SuiteRunner.java:455)
at org.testng.SuiteRunner.runSequentially(SuiteRunner.java:450)
at org.testng.SuiteRunner.privateRun(SuiteRunner.java:415)
at org.testng.SuiteRunner.run(SuiteRunner.java:364)
at org.testng.SuiteRunnerWorker.runSuite(SuiteRunnerWorker.java:52)
at org.testng.SuiteRunnerWorker.run(SuiteRunnerWorker.java:84)
at org.testng.TestNG.runSuitesSequentially(TestNG.java:1208)
at org.testng.TestNG.runSuitesLocally(TestNG.java:1137)
at org.testng.TestNG.runSuites(TestNG.java:1049)
at org.testng.TestNG.run(TestNG.java:1017)
at org.testng.remote.AbstractRemoteTestNG.run(AbstractRemoteTestNG.java:115)
at org.testng.remote.RemoteTestNG.initAndRun(RemoteTestNG.java:251)
at org.testng.remote.RemoteTestNG.main(RemoteTestNG.java:77)
]]>
            </full-stacktrace>
          </exception> <!-- org.testng.SkipException -->
          <reporter-output>
          </reporter-output>
        </test-method> <!-- isSkip -->
        <test-method signature="registerUserForTheSeleniumTraining5(java.util.Hashtable)[pri:0, instance:com.bymatAutomation.modulename.testcases.RegisterUserForTheSeleniumTraining5@5a3bc7ed]" started-at="2023-06-23T19:27:49Z" name="registerUserForTheSeleniumTraining5" data-provider="data_Collection" finished-at="2023-06-23T19:27:49Z" duration-ms="0" status="SKIP">
          <exception class="org.testng.SkipException">
            <message>
              <![CDATA[Skipping Test case RegisterUserForTheSeleniumTraining5 as it's run mode is set to No]]>
            </message>
            <full-stacktrace>
              <![CDATA[org.testng.SkipException: Skipping Test case RegisterUserForTheSeleniumTraining5 as it's run mode is set to No
at com.bymatAutomation.modulename.testcases.RegisterUserForTheSeleniumTraining5.isSkip(RegisterUserForTheSeleniumTraining5.java:21)
at java.base/jdk.internal.reflect.NativeMethodAccessorImpl.invoke0(Native Method)
at java.base/jdk.internal.reflect.NativeMethodAccessorImpl.invoke(NativeMethodAccessorImpl.java:78)
at java.base/jdk.internal.reflect.DelegatingMethodAccessorImpl.invoke(DelegatingMethodAccessorImpl.java:43)
at java.base/java.lang.reflect.Method.invoke(Method.java:567)
at org.testng.internal.MethodInvocationHelper.invokeMethod(MethodInvocationHelper.java:124)
at org.testng.internal.MethodInvocationHelper.invokeMethodConsideringTimeout(MethodInvocationHelper.java:59)
at org.testng.internal.Invoker.invokeConfigurationMethod(Invoker.java:458)
at org.testng.internal.Invoker.invokeConfigurations(Invoker.java:222)
at org.testng.internal.Invoker.invokeConfigurations(Invoker.java:142)
at org.testng.internal.TestMethodWorker.invokeBeforeClassMethods(TestMethodWorker.java:168)
at org.testng.internal.TestMethodWorker.run(TestMethodWorker.java:105)
at org.testng.TestRunner.privateRun(TestRunner.java:648)
at org.testng.TestRunner.run(TestRunner.java:505)
at org.testng.SuiteRunner.runTest(SuiteRunner.java:455)
at org.testng.SuiteRunner.runSequentially(SuiteRunner.java:450)
at org.testng.SuiteRunner.privateRun(SuiteRunner.java:415)
at org.testng.SuiteRunner.run(SuiteRunner.java:364)
at org.testng.SuiteRunnerWorker.runSuite(SuiteRunnerWorker.java:52)
at org.testng.SuiteRunnerWorker.run(SuiteRunnerWorker.java:84)
at org.testng.TestNG.runSuitesSequentially(TestNG.java:1208)
at org.testng.TestNG.runSuitesLocally(TestNG.java:1137)
at org.testng.TestNG.runSuites(TestNG.java:1049)
at org.testng.TestNG.run(TestNG.java:1017)
at org.testng.remote.AbstractRemoteTestNG.run(AbstractRemoteTestNG.java:115)
at org.testng.remote.RemoteTestNG.initAndRun(RemoteTestNG.java:251)
at org.testng.remote.RemoteTestNG.main(RemoteTestNG.java:77)
]]>
            </full-stacktrace>
          </exception> <!-- org.testng.SkipException -->
          <reporter-output>
          </reporter-output>
        </test-method> <!-- registerUserForTheSeleniumTraining5 -->
      </class> <!-- com.bymatAutomation.modulename.testcases.RegisterUserForTheSeleniumTraining5 -->
      <class name="com.bymatAutomation.modulename.testcases.VerifyHomePageOfBymatAutomation">
        <test-method is-config="true" signature="setup()[pri:0, instance:com.bymatAutomation.modulename.testcases.VerifyHomePageOfBymatAutomation@71e9ebae]" started-at="2023-06-23T19:27:06Z" name="setup" finished-at="2023-06-23T19:27:06Z" duration-ms="827" status="PASS">
          <reporter-output>
          </reporter-output>
        </test-method> <!-- setup -->
        <test-method is-config="true" signature="isSkip()[pri:0, instance:com.bymatAutomation.modulename.testcases.VerifyHomePageOfBymatAutomation@71e9ebae]" started-at="2023-06-23T19:27:06Z" name="isSkip" finished-at="2023-06-23T19:27:06Z" duration-ms="1" status="PASS">
          <reporter-output>
          </reporter-output>
        </test-method> <!-- isSkip -->
        <test-method signature="verifyHomePageOfBYMATAutomation(java.util.Hashtable)[pri:0, instance:com.bymatAutomation.modulename.testcases.VerifyHomePageOfBymatAutomation@71e9ebae]" started-at="2023-06-23T19:27:06Z" name="verifyHomePageOfBYMATAutomation" data-provider="data_Collection" finished-at="2023-06-23T19:27:13Z" duration-ms="6196" status="PASS">
          <params>
            <param index="0">
              <value>
                <![CDATA[{Phone_No=353535353, Page_Title=My Store, Email_ID=pallav@gmail.com, Password=passd1235, Message=Message_Pallav, Sr.No=1, First_Name=Pallav}]]>
              </value>
            </param>
          </params>
          <reporter-output>
          </reporter-output>
        </test-method> <!-- verifyHomePageOfBYMATAutomation -->
        <test-method is-config="true" signature="endTest()[pri:0, instance:com.bymatAutomation.modulename.testcases.VerifyHomePageOfBymatAutomation@71e9ebae]" started-at="2023-06-23T19:27:49Z" name="endTest" finished-at="2023-06-23T19:27:50Z" duration-ms="409" status="PASS">
          <reporter-output>
          </reporter-output>
        </test-method> <!-- endTest -->
      </class> <!-- com.bymatAutomation.modulename.testcases.VerifyHomePageOfBymatAutomation -->
      <class name="com.bymatAutomation.modulename.testcases.RegisterUserForTheSeleniumTraining3">
        <test-method is-config="true" signature="isSkip()[pri:0, instance:com.bymatAutomation.modulename.testcases.RegisterUserForTheSeleniumTraining3@7daa0fbd]" started-at="2023-06-23T19:27:39Z" name="isSkip" finished-at="2023-06-23T19:27:39Z" duration-ms="0" status="PASS">
          <reporter-output>
          </reporter-output>
        </test-method> <!-- isSkip -->
        <test-method signature="registerUserForTheSeleniumTraining3(java.util.Hashtable)[pri:0, instance:com.bymatAutomation.modulename.testcases.RegisterUserForTheSeleniumTraining3@7daa0fbd]" started-at="2023-06-23T19:27:39Z" name="registerUserForTheSeleniumTraining3" data-provider="data_Collection" finished-at="2023-06-23T19:27:47Z" duration-ms="7197" status="PASS">
          <params>
            <param index="0">
              <value>
                <![CDATA[{Phone_No=353535353, Page_Title=My Store, Email_ID=Durga@gmail.com, Password=passd1235, Message=Message_Durga, Sr.No=1, First_Name=Durga}]]>
              </value>
            </param>
          </params>
          <reporter-output>
          </reporter-output>
        </test-method> <!-- registerUserForTheSeleniumTraining3 -->
      </class> <!-- com.bymatAutomation.modulename.testcases.RegisterUserForTheSeleniumTraining3 -->
      <class name="com.bymatAutomation.modulename.testcases.RegisterUserForTheSeleniumTraining">
        <test-method is-config="true" signature="isSkip()[pri:0, instance:com.bymatAutomation.modulename.testcases.RegisterUserForTheSeleniumTraining@36a5cabc]" started-at="2023-06-23T19:27:23Z" name="isSkip" finished-at="2023-06-23T19:27:23Z" duration-ms="0" status="PASS">
          <reporter-output>
          </reporter-output>
        </test-method> <!-- isSkip -->
        <test-method signature="registerUserForTheSeleniumTraining(java.util.Hashtable)[pri:0, instance:com.bymatAutomation.modulename.testcases.RegisterUserForTheSeleniumTraining@36a5cabc]" started-at="2023-06-23T19:27:23Z" name="registerUserForTheSeleniumTraining" data-provider="data_Collection" finished-at="2023-06-23T19:27:29Z" duration-ms="6067" status="PASS">
          <params>
            <param index="0">
              <value>
                <![CDATA[{Phone_No=353535353, Page_Title=My Store, Email_ID=sandeep@gmail.com, Password=passd1235, Message=Message_Sandeep, Sr.No=1, First_Name=Sandeep}]]>
              </value>
            </param>
          </params>
          <reporter-output>
          </reporter-output>
        </test-method> <!-- registerUserForTheSeleniumTraining -->
      </class> <!-- com.bymatAutomation.modulename.testcases.RegisterUserForTheSeleniumTraining -->
      <class name="com.bymatAutomation.modulename.testcases.RegisterUserForTheSeleniumTraining4">
        <test-method is-config="true" signature="isSkip()[pri:0, instance:com.bymatAutomation.modulename.testcases.RegisterUserForTheSeleniumTraining4@42530531]" started-at="2023-06-23T19:27:49Z" name="isSkip" finished-at="2023-06-23T19:27:49Z" duration-ms="1" status="SKIP">
          <exception class="org.testng.SkipException">
            <message>
              <![CDATA[Skipping Test case RegisterUserForTheSeleniumTraining4 as it's run mode is set to No]]>
            </message>
            <full-stacktrace>
              <![CDATA[org.testng.SkipException: Skipping Test case RegisterUserForTheSeleniumTraining4 as it's run mode is set to No
at com.bymatAutomation.modulename.testcases.RegisterUserForTheSeleniumTraining4.isSkip(RegisterUserForTheSeleniumTraining4.java:21)
at java.base/jdk.internal.reflect.NativeMethodAccessorImpl.invoke0(Native Method)
at java.base/jdk.internal.reflect.NativeMethodAccessorImpl.invoke(NativeMethodAccessorImpl.java:78)
at java.base/jdk.internal.reflect.DelegatingMethodAccessorImpl.invoke(DelegatingMethodAccessorImpl.java:43)
at java.base/java.lang.reflect.Method.invoke(Method.java:567)
at org.testng.internal.MethodInvocationHelper.invokeMethod(MethodInvocationHelper.java:124)
at org.testng.internal.MethodInvocationHelper.invokeMethodConsideringTimeout(MethodInvocationHelper.java:59)
at org.testng.internal.Invoker.invokeConfigurationMethod(Invoker.java:458)
at org.testng.internal.Invoker.invokeConfigurations(Invoker.java:222)
at org.testng.internal.Invoker.invokeConfigurations(Invoker.java:142)
at org.testng.internal.TestMethodWorker.invokeBeforeClassMethods(TestMethodWorker.java:168)
at org.testng.internal.TestMethodWorker.run(TestMethodWorker.java:105)
at org.testng.TestRunner.privateRun(TestRunner.java:648)
at org.testng.TestRunner.run(TestRunner.java:505)
at org.testng.SuiteRunner.runTest(SuiteRunner.java:455)
at org.testng.SuiteRunner.runSequentially(SuiteRunner.java:450)
at org.testng.SuiteRunner.privateRun(SuiteRunner.java:415)
at org.testng.SuiteRunner.run(SuiteRunner.java:364)
at org.testng.SuiteRunnerWorker.runSuite(SuiteRunnerWorker.java:52)
at org.testng.SuiteRunnerWorker.run(SuiteRunnerWorker.java:84)
at org.testng.TestNG.runSuitesSequentially(TestNG.java:1208)
at org.testng.TestNG.runSuitesLocally(TestNG.java:1137)
at org.testng.TestNG.runSuites(TestNG.java:1049)
at org.testng.TestNG.run(TestNG.java:1017)
at org.testng.remote.AbstractRemoteTestNG.run(AbstractRemoteTestNG.java:115)
at org.testng.remote.RemoteTestNG.initAndRun(RemoteTestNG.java:251)
at org.testng.remote.RemoteTestNG.main(RemoteTestNG.java:77)
]]>
            </full-stacktrace>
          </exception> <!-- org.testng.SkipException -->
          <reporter-output>
          </reporter-output>
        </test-method> <!-- isSkip -->
        <test-method signature="registerUserForTheSeleniumTraining4(java.util.Hashtable)[pri:0, instance:com.bymatAutomation.modulename.testcases.RegisterUserForTheSeleniumTraining4@42530531]" started-at="2023-06-23T19:27:49Z" name="registerUserForTheSeleniumTraining4" data-provider="data_Collection" finished-at="2023-06-23T19:27:49Z" duration-ms="0" status="SKIP">
          <exception class="org.testng.SkipException">
            <message>
              <![CDATA[Skipping Test case RegisterUserForTheSeleniumTraining4 as it's run mode is set to No]]>
            </message>
            <full-stacktrace>
              <![CDATA[org.testng.SkipException: Skipping Test case RegisterUserForTheSeleniumTraining4 as it's run mode is set to No
at com.bymatAutomation.modulename.testcases.RegisterUserForTheSeleniumTraining4.isSkip(RegisterUserForTheSeleniumTraining4.java:21)
at java.base/jdk.internal.reflect.NativeMethodAccessorImpl.invoke0(Native Method)
at java.base/jdk.internal.reflect.NativeMethodAccessorImpl.invoke(NativeMethodAccessorImpl.java:78)
at java.base/jdk.internal.reflect.DelegatingMethodAccessorImpl.invoke(DelegatingMethodAccessorImpl.java:43)
at java.base/java.lang.reflect.Method.invoke(Method.java:567)
at org.testng.internal.MethodInvocationHelper.invokeMethod(MethodInvocationHelper.java:124)
at org.testng.internal.MethodInvocationHelper.invokeMethodConsideringTimeout(MethodInvocationHelper.java:59)
at org.testng.internal.Invoker.invokeConfigurationMethod(Invoker.java:458)
at org.testng.internal.Invoker.invokeConfigurations(Invoker.java:222)
at org.testng.internal.Invoker.invokeConfigurations(Invoker.java:142)
at org.testng.internal.TestMethodWorker.invokeBeforeClassMethods(TestMethodWorker.java:168)
at org.testng.internal.TestMethodWorker.run(TestMethodWorker.java:105)
at org.testng.TestRunner.privateRun(TestRunner.java:648)
at org.testng.TestRunner.run(TestRunner.java:505)
at org.testng.SuiteRunner.runTest(SuiteRunner.java:455)
at org.testng.SuiteRunner.runSequentially(SuiteRunner.java:450)
at org.testng.SuiteRunner.privateRun(SuiteRunner.java:415)
at org.testng.SuiteRunner.run(SuiteRunner.java:364)
at org.testng.SuiteRunnerWorker.runSuite(SuiteRunnerWorker.java:52)
at org.testng.SuiteRunnerWorker.run(SuiteRunnerWorker.java:84)
at org.testng.TestNG.runSuitesSequentially(TestNG.java:1208)
at org.testng.TestNG.runSuitesLocally(TestNG.java:1137)
at org.testng.TestNG.runSuites(TestNG.java:1049)
at org.testng.TestNG.run(TestNG.java:1017)
at org.testng.remote.AbstractRemoteTestNG.run(AbstractRemoteTestNG.java:115)
at org.testng.remote.RemoteTestNG.initAndRun(RemoteTestNG.java:251)
at org.testng.remote.RemoteTestNG.main(RemoteTestNG.java:77)
]]>
            </full-stacktrace>
          </exception> <!-- org.testng.SkipException -->
          <reporter-output>
          </reporter-output>
        </test-method> <!-- registerUserForTheSeleniumTraining4 -->
      </class> <!-- com.bymatAutomation.modulename.testcases.RegisterUserForTheSeleniumTraining4 -->
      <class name="com.bymatAutomation.modulename.testcases.RegisterUserForTheSeleniumTraining2">
        <test-method is-config="true" signature="isSkip()[pri:0, instance:com.bymatAutomation.modulename.testcases.RegisterUserForTheSeleniumTraining2@432038ec]" started-at="2023-06-23T19:27:31Z" name="isSkip" finished-at="2023-06-23T19:27:31Z" duration-ms="1" status="PASS">
          <reporter-output>
          </reporter-output>
        </test-method> <!-- isSkip -->
        <test-method signature="registerUserForTheSeleniumTraining2(java.util.Hashtable)[pri:0, instance:com.bymatAutomation.modulename.testcases.RegisterUserForTheSeleniumTraining2@432038ec]" started-at="2023-06-23T19:27:31Z" name="registerUserForTheSeleniumTraining2" data-provider="data_Collection" finished-at="2023-06-23T19:27:37Z" duration-ms="5854" status="PASS">
          <params>
            <param index="0">
              <value>
                <![CDATA[{Phone_No=353535353, Page_Title=My Store, Email_ID=pallav@gmail.com, Password=passd1235, Message=Message_Rajesh, Sr.No=1, First_Name=Rajesh}]]>
              </value>
            </param>
          </params>
          <reporter-output>
          </reporter-output>
        </test-method> <!-- registerUserForTheSeleniumTraining2 -->
      </class> <!-- com.bymatAutomation.modulename.testcases.RegisterUserForTheSeleniumTraining2 -->
      <class name="com.bymatAutomation.modulename.testcases.VerifyHomePageOfBymatAutomation1">
        <test-method is-config="true" signature="isSkip()[pri:0, instance:com.bymatAutomation.modulename.testcases.VerifyHomePageOfBymatAutomation1@73d983ea]" started-at="2023-06-23T19:27:15Z" name="isSkip" finished-at="2023-06-23T19:27:15Z" duration-ms="1" status="PASS">
          <reporter-output>
          </reporter-output>
        </test-method> <!-- isSkip -->
        <test-method signature="verifyHomePageOfBYMATAutomation1(java.util.Hashtable)[pri:0, instance:com.bymatAutomation.modulename.testcases.VerifyHomePageOfBymatAutomation1@73d983ea]" started-at="2023-06-23T19:27:15Z" name="verifyHomePageOfBYMATAutomation1" data-provider="data_Collection" finished-at="2023-06-23T19:27:20Z" duration-ms="5164" status="PASS">
          <params>
            <param index="0">
              <value>
                <![CDATA[{Phone_No=353535353, Page_Title=My Store, Email_ID=rahul@gmail.com, Password=passd1235, Message=Message_Rahul, Sr.No=1, First_Name=Rahul}]]>
              </value>
            </param>
          </params>
          <reporter-output>
          </reporter-output>
        </test-method> <!-- verifyHomePageOfBYMATAutomation1 -->
      </class> <!-- com.bymatAutomation.modulename.testcases.VerifyHomePageOfBymatAutomation1 -->
    </test> <!-- Test -->
  </suite> <!-- Regression Test -->
</testng-results>
